#
# There is insufficient memory for the Java Runtime Environment to continue.
# Native memory allocation (mmap) failed to map 134217728 bytes for G1 virtual space
# Possible reasons:
#   The system is out of physical RAM or swap space
#   The process is running with CompressedOops enabled, and the Java Heap may be blocking the growth of the native heap
# Possible solutions:
#   Reduce memory load on the system
#   Increase physical memory or swap space
#   Check if swap backing store is full
#   Decrease Java heap size (-Xmx/-Xms)
#   Decrease number of Java threads
#   Decrease Java thread stack sizes (-Xss)
#   Set larger code cache with -XX:ReservedCodeCacheSize=
#   JVM is running with Unscaled Compressed Oops mode in which the Java heap is
#     placed in the first 4GB address space. The Java Heap base address is the
#     maximum limit for the native heap growth. Please use -XX:HeapBaseMinAddress
#     to set the Java Heap base and to place the Java Heap above 4GB virtual address.
# This output file may be truncated or incomplete.
#
#  Out of Memory Error (os_windows.cpp:3527), pid=3352, tid=1696
#
# JRE version:  (19.0+36) (build )
# Java VM: Java HotSpot(TM) 64-Bit Server VM (19+36-2238, mixed mode, sharing, tiered, compressed oops, compressed class ptrs, g1 gc, windows-amd64)
# No core dump will be written. Minidumps are not enabled by default on client versions of Windows
#

---------------  S U M M A R Y ------------

Command Line: -Dfile.encoding=windows-1252 -XX:+ShowCodeDetailsInExceptionMessages views.GUI2

Host: Intel(R) Core(TM) i5-9300H CPU @ 2.40GHz, 8 cores, 7G,  Windows 11 , 64 bit Build 22621 (10.0.22621.1635)
Time: Thu May 25 00:37:32 2023 Egypt Daylight Time elapsed time: 0.013820 seconds (0d 0h 0m 0s)

---------------  T H R E A D  ---------------

Current thread (0x00000242b4337760):  JavaThread "Unknown thread" [_thread_in_vm, id=1696, stack(0x0000009ffe500000,0x0000009ffe600000)]

Stack: [0x0000009ffe500000,0x0000009ffe600000]
Native frames: (J=compiled Java code, j=interpreted, Vv=VM code, C=native code)
V  [jvm.dll+0x6ee8fa]
V  [jvm.dll+0x857a1e]
V  [jvm.dll+0x85940e]
V  [jvm.dll+0x859ac3]
V  [jvm.dll+0x28291f]
V  [jvm.dll+0x6eb6e9]
V  [jvm.dll+0x6e028a]
V  [jvm.dll+0x357136]
V  [jvm.dll+0x35eb96]
V  [jvm.dll+0x3b555e]
V  [jvm.dll+0x3b578f]
V  [jvm.dll+0x32c6ea]
V  [jvm.dll+0x32d59e]
V  [jvm.dll+0x821b20]
V  [jvm.dll+0x3c27c1]
V  [jvm.dll+0x8022f1]
V  [jvm.dll+0x44b30f]
V  [jvm.dll+0x44cc91]
C  [jli.dll+0x5287]
C  [ucrtbase.dll+0x29363]
C  [KERNEL32.DLL+0x126ad]
C  [ntdll.dll+0x5a9f8]


---------------  P R O C E S S  ---------------

Threads class SMR info:
_java_thread_list=0x00007ffbcdc8d048, length=0, elements={
}

Java Threads: ( => current thread )

Other Threads:
  0x00000242b4397ac0 WorkerThread "GC Thread#0" [stack: 0x0000009ffe600000,0x0000009ffe700000] [id=15804]
  0x00000242b43a96b0 ConcurrentGCThread "G1 Main Marker" [stack: 0x0000009ffe700000,0x0000009ffe800000] [id=25520]
  0x00000242b43aa0e0 WorkerThread "G1 Conc#0" [stack: 0x0000009ffe800000,0x0000009ffe900000] [id=2776]

[error occurred during error reporting (printing all threads), id 0xc0000005, EXCEPTION_ACCESS_VIOLATION (0xc0000005) at pc=0x00007ffbcd44d127]

VM state: not at safepoint (not fully initialized)

VM Mutex/Monitor currently owned by a thread:  ([mutex/lock_event])
[0x00000242b4332c60] Heap_lock - owner thread: 0x00000242b4337760

Heap address: 0x0000000081c00000, size: 2020 MB, Compressed Oops mode: 32-bit

CDS archive(s) mapped at: [0x0000000000000000-0x0000000000000000-0x0000000000000000), size 0, SharedBaseAddress: 0x0000000800000000, ArchiveRelocationMode: 0.
Narrow klass base: 0x0000000000000000, Narrow klass shift: 0, Narrow klass range: 0x0

GC Precious Log:
 CardTable entry size: 512
 Card Set container configuration: InlinePtr #cards 5 size 8 Array Of Cards #cards 12 size 40 Howl #buckets 4 coarsen threshold 1843 Howl Bitmap #cards 512 size 80 coarsen threshold 460 Card regions per heap region 1 cards per card region 2048

Heap:
 garbage-first heap   total 0K, used 0K [0x0000000081c00000, 0x0000000100000000)
  region size 1024K, 0 young (0K), 0 survivors (0K)

[error occurred during error reporting (printing heap information), id 0xc0000005, EXCEPTION_ACCESS_VIOLATION (0xc0000005) at pc=0x00007ffbcd856959]

GC Heap History (0 events):
No events

Dll operation events (1 events):
Event: 0.007 Loaded shared library C:\Program Files\Java\jdk-19\bin\java.dll

Deoptimization events (0 events):
No events

Classes loaded (0 events):
No events

Classes unloaded (0 events):
No events

Classes redefined (0 events):
No events

Internal exceptions (0 events):
No events

VM Operations (0 events):
No events

Events (0 events):
No events


Dynamic libraries:
0x00007ff7cd8b0000 - 0x00007ff7cd8c0000 	C:\Program Files\Java\jdk-19\bin\javaw.exe
0x00007ffc4bff0000 - 0x00007ffc4c204000 	C:\WINDOWS\SYSTEM32\ntdll.dll
0x00007ffc4ab40000 - 0x00007ffc4ac02000 	C:\WINDOWS\System32\KERNEL32.DLL
0x00007ffc49480000 - 0x00007ffc49823000 	C:\WINDOWS\System32\KERNELBASE.dll
0x00007ffc49830000 - 0x00007ffc49941000 	C:\WINDOWS\System32\ucrtbase.dll
0x00007ffc37f70000 - 0x00007ffc37f8b000 	C:\Program Files\Java\jdk-19\bin\VCRUNTIME140.dll
0x00007ffc37f10000 - 0x00007ffc37f28000 	C:\Program Files\Java\jdk-19\bin\jli.dll
0x00007ffc4a870000 - 0x00007ffc4a91e000 	C:\WINDOWS\System32\ADVAPI32.dll
0x00007ffc4bf00000 - 0x00007ffc4bfa7000 	C:\WINDOWS\System32\msvcrt.dll
0x00007ffc4b8b0000 - 0x00007ffc4b954000 	C:\WINDOWS\System32\sechost.dll
0x00007ffc4a670000 - 0x00007ffc4a787000 	C:\WINDOWS\System32\RPCRT4.dll
0x00007ffc49df0000 - 0x00007ffc49f9b000 	C:\WINDOWS\System32\USER32.dll
0x00007ffc49950000 - 0x00007ffc49976000 	C:\WINDOWS\System32\win32u.dll
0x00007ffc48570000 - 0x00007ffc487fe000 	C:\WINDOWS\WinSxS\amd64_microsoft.windows.common-controls_6595b64144ccf1df_6.0.22621.1635_none_270f70857386168e\COMCTL32.dll
0x00007ffc4be90000 - 0x00007ffc4beb9000 	C:\WINDOWS\System32\GDI32.dll
0x00007ffc49b60000 - 0x00007ffc49c78000 	C:\WINDOWS\System32\gdi32full.dll
0x00007ffc49980000 - 0x00007ffc49a1a000 	C:\WINDOWS\System32\msvcp_win.dll
0x00007ffc41fd0000 - 0x00007ffc41fda000 	C:\WINDOWS\SYSTEM32\VERSION.dll
0x00007ffc4bec0000 - 0x00007ffc4bef1000 	C:\WINDOWS\System32\IMM32.DLL
0x00007ffc43990000 - 0x00007ffc4399c000 	C:\Program Files\Java\jdk-19\bin\vcruntime140_1.dll
0x00007ffc37a90000 - 0x00007ffc37b1e000 	C:\Program Files\Java\jdk-19\bin\msvcp140.dll
0x00007ffbcd110000 - 0x00007ffbcddd0000 	C:\Program Files\Java\jdk-19\bin\server\jvm.dll
0x00007ffc2f3f0000 - 0x00007ffc2f3f9000 	C:\WINDOWS\SYSTEM32\WSOCK32.dll
0x00007ffc381b0000 - 0x00007ffc381e4000 	C:\WINDOWS\SYSTEM32\WINMM.dll
0x00007ffc4a330000 - 0x00007ffc4a3a1000 	C:\WINDOWS\System32\WS2_32.dll
0x00007ffc47660000 - 0x00007ffc47678000 	C:\WINDOWS\SYSTEM32\kernel.appcore.dll
0x00007ffc2dd80000 - 0x00007ffc2dd8a000 	C:\Program Files\Java\jdk-19\bin\jimage.dll
0x00007ffc48cb0000 - 0x00007ffc48ede000 	C:\WINDOWS\SYSTEM32\DBGHELP.DLL
0x00007ffc49fa0000 - 0x00007ffc4a329000 	C:\WINDOWS\System32\combase.dll
0x00007ffc4a590000 - 0x00007ffc4a667000 	C:\WINDOWS\System32\OLEAUT32.dll
0x00007ffc48b60000 - 0x00007ffc48b92000 	C:\WINDOWS\SYSTEM32\dbgcore.DLL
0x00007ffc49a20000 - 0x00007ffc49a9b000 	C:\WINDOWS\System32\bcryptPrimitives.dll
0x00007ffc06f10000 - 0x00007ffc06f36000 	C:\Program Files\Java\jdk-19\bin\java.dll

dbghelp: loaded successfully - version: 4.0.5 - missing functions: none
symbol engine: initialized successfully - sym options: 0x614 - pdb path: .;C:\Program Files\Java\jdk-19\bin;C:\WINDOWS\SYSTEM32;C:\WINDOWS\WinSxS\amd64_microsoft.windows.common-controls_6595b64144ccf1df_6.0.22621.1635_none_270f70857386168e;C:\Program Files\Java\jdk-19\bin\server

VM Arguments:
jvm_args: -Dfile.encoding=windows-1252 -XX:+ShowCodeDetailsInExceptionMessages 
java_command: views.GUI2
java_class_path (initial): C:\Users\yarae\eclipse-workspace\Milestone2-Solution\bin;C:\Users\yarae\.p2\pool\plugins\org.junit_4.13.2.v20211018-1956.jar;C:\Users\yarae\.p2\pool\plugins\org.hamcrest.core_1.3.0.v20180420-1519.jar
Launcher Type: SUN_STANDARD

[Global flags]
     intx CICompilerCount                          = 4                                         {product} {ergonomic}
     uint ConcGCThreads                            = 2                                         {product} {ergonomic}
     uint G1ConcRefinementThreads                  = 8                                         {product} {ergonomic}
   size_t G1HeapRegionSize                         = 1048576                                   {product} {ergonomic}
    uintx GCDrainStackTargetSize                   = 64                                        {product} {ergonomic}
   size_t InitialHeapSize                          = 134217728                                 {product} {ergonomic}
   size_t MarkStackSize                            = 4194304                                   {product} {ergonomic}
   size_t MaxHeapSize                              = 2118123520                                {product} {ergonomic}
   size_t MinHeapDeltaBytes                        = 1048576                                   {product} {ergonomic}
   size_t MinHeapSize                              = 8388608                                   {product} {ergonomic}
    uintx NonNMethodCodeHeapSize                   = 5839372                                {pd product} {ergonomic}
    uintx NonProfiledCodeHeapSize                  = 122909434                              {pd product} {ergonomic}
    uintx ProfiledCodeHeapSize                     = 122909434                              {pd product} {ergonomic}
    uintx ReservedCodeCacheSize                    = 251658240                              {pd product} {ergonomic}
     bool SegmentedCodeCache                       = true                                      {product} {ergonomic}
     bool ShowCodeDetailsInExceptionMessages       = true                                   {manageable} {command line}
   size_t SoftMaxHeapSize                          = 2118123520                             {manageable} {ergonomic}
     bool UseCompressedClassPointers               = true                           {product lp64_product} {ergonomic}
     bool UseCompressedOops                        = true                           {product lp64_product} {ergonomic}
     bool UseG1GC                                  = true                                      {product} {ergonomic}
     bool UseLargePagesIndividualAllocation        = false                                  {pd product} {ergonomic}

Logging:
Log output configuration:
 #0: stdout all=warning uptime,level,tags foldmultilines=false
 #1: stderr all=off uptime,level,tags foldmultilines=false

Environment Variables:
PATH=C:/Program Files/Java/jdk-19/bin/server;C:/Program Files/Java/jdk-19/bin;C:\Program Files (x86)\Common Files\Intel\Shared Libraries\redist\intel64\compiler;C:\Program Files\Common Files\Oracle\Java\javapath;C:\Windows\system32;C:\Windows;C:\Windows\System32\Wbem;C:\Windows\System32\WindowsPowerShell\v1.0\;C:\Windows\System32\OpenSSH\;C:\Program Files (x86)\NVIDIA Corporation\PhysX\Common;C:\Program Files\NVIDIA Corporation\NVIDIA NvDLISR;C:\WINDOWS\system32;C:\WINDOWS;C:\WINDOWS\System32\Wbem;C:\WINDOWS\System32\WindowsPowerShell\v1.0\;C:\WINDOWS\System32\OpenSSH\;C:\Program Files\dotnet\;C:\Program Files\Java\jdk-19\bin;C:\Program Files\Microsoft SQL Server\150\Tools\Binn\;C:\Program Files\Microsoft SQL Server\Client SDK\ODBC\170\Tools\Binn\;C:\Users\yarae\AppData\Local\Microsoft\WindowsApps;C:\Users\yarae\.dotnet\tools;;C:\Users\yarae\Desktop;
USERNAME=yarae
OS=Windows_NT
PROCESSOR_IDENTIFIER=Intel64 Family 6 Model 158 Stepping 10, GenuineIntel
TMP=C:\Users\yarae\AppData\Local\Temp
TEMP=C:\Users\yarae\AppData\Local\Temp



---------------  S Y S T E M  ---------------

OS:
 Windows 11 , 64 bit Build 22621 (10.0.22621.1635)
OS uptime: 5 days 3:36 hours
Hyper-V role detected

CPU: total 8 (initial active 8) (4 cores per cpu, 2 threads per core) family 6 model 158 stepping 10 microcode 0xde, cx8, cmov, fxsr, ht, mmx, 3dnowpref, sse, sse2, sse3, ssse3, sse4.1, sse4.2, popcnt, lzcnt, tsc, tscinvbit, avx, avx2, aes, erms, clmul, bmi1, bmi2, adx, fma, vzeroupper, clflush, clflushopt, hv, rdtscp

Memory: 4k page, system-wide physical 8072M (840M free)
TotalPageFile size 16264M (AvailPageFile size 55M)
current process WorkingSet (physical memory assigned to process): 11M, peak: 11M
current process commit charge ("private bytes"): 60M, peak: 188M

vm_info: Java HotSpot(TM) 64-Bit Server VM (19+36-2238) for windows-amd64 JRE (19+36-2238), built on 2022-08-12T20:29:01Z by "mach5one" with MS VC++ 17.1 (VS2022)

END.
